number,value,datetime_start,datetime_complete,duration,params_learning_rate,params_max_depth,params_min_samples_leaf,params_n_estimators,params_subsample,system_attrs_tpe:relative_params:0,state
0,0.5579598145285936,2026-10-01 15:21:17.329917,2026-10-01 15:21:20.333746,0 days 00:00:03.003829,0.015209215554550883,3,45,193,0.6940131379001038,,COMPLETE
1,0.5077279752704791,2026-10-01 15:21:20.333871,2026-10-01 15:21:23.920344,0 days 00:00:03.586473,0.19346004155645724,3,22,188,0.8275249650008834,,COMPLETE
2,0.5486862442040186,2026-10-01 15:21:23.920463,2026-10-01 15:21:25.486883,0 days 00:00:01.566420,0.10545120222580881,4,15,67,0.8819646148334654,,COMPLETE
3,0.5154559505409583,2026-10-01 15:21:25.487050,2026-10-01 15:21:31.044714,0 days 00:00:05.557664,0.16504473299678957,3,15,220,0.7023747289469461,,COMPLETE
4,0.5324574961360125,2026-10-01 15:21:31.044907,2026-10-01 15:21:34.910489,0 days 00:00:03.865582,0.0942273783125872,5,22,121,0.7076643579769656,,COMPLETE
5,0.500772797527048,2026-10-01 15:21:34.910999,2026-10-01 15:21:38.891322,0 days 00:00:03.980323,0.29637255803139617,3,18,193,0.782311848497811,,COMPLETE
6,0.5633693972179289,2026-10-01 15:21:38.891489,2026-10-01 15:21:41.142779,0 days 00:00:02.251290,0.027252708000807715,2,45,168,0.655511674580615,,COMPLETE
7,0.5602782071097373,2026-10-01 15:21:41.142900,2026-10-01 15:21:42.146539,0 days 00:00:01.003639,0.044134465780917294,2,43,85,0.9274879385624704,,COMPLETE
8,0.554095826893354,2026-10-01 15:21:42.146737,2026-10-01 15:21:44.194285,0 days 00:00:02.047548,0.025387150957668515,4,25,106,0.974854624693374,,COMPLETE
9,0.5502318392581144,2026-10-01 15:21:44.194432,2026-10-01 15:21:46.344267,0 days 00:00:02.149835,0.010994584421022729,5,2,149,0.5163640516682954,,COMPLETE
10,0.554095826893354,2026-10-01 15:21:46.344360,2026-10-01 15:21:48.038966,0 days 00:00:01.694606,0.010823950192902014,2,19,196,0.7546554978277679,"{""learning_rate"": 0.010823950192902014, ""max_depth"": 2, ""min_samples_leaf"": 19, ""n_estimators"": 196, ""subsample"": 0.7546554978277679}",COMPLETE
11,0.5494590417310665,2026-10-01 15:21:48.039059,2026-10-01 15:21:48.430182,0 days 00:00:00.391123,0.03854804527013646,2,49,50,0.5798766451626438,"{""learning_rate"": 0.03854804527013646, ""max_depth"": 2, ""min_samples_leaf"": 49, ""n_estimators"": 50, ""subsample"": 0.5798766451626438}",COMPLETE
12,0.5587326120556415,2026-10-01 15:21:48.430273,2026-10-01 15:21:49.356871,0 days 00:00:00.926598,0.035382895085693075,2,44,116,0.6043685927480258,"{""learning_rate"": 0.035382895085693075, ""max_depth"": 2, ""min_samples_leaf"": 44, ""n_estimators"": 116, ""subsample"": 0.6043685927480258}",COMPLETE
13,0.5425038639876353,2026-10-01 15:21:49.357009,2026-10-01 15:21:49.976701,0 days 00:00:00.619692,0.023020488602041762,2,44,63,0.8018693045896297,"{""learning_rate"": 0.023020488602041762, ""max_depth"": 2, ""min_samples_leaf"": 44, ""n_estimators"": 63, ""subsample"": 0.8018693045896297}",COMPLETE
14,0.571097372488408,2026-10-01 15:21:49.976797,2026-10-01 15:21:51.515295,0 days 00:00:01.538498,0.03750154110993485,2,34,202,0.503722487619383,"{""learning_rate"": 0.03750154110993485, ""max_depth"": 2, ""min_samples_leaf"": 34, ""n_estimators"": 202, ""subsample"": 0.503722487619383}",COMPLETE
15,0.5579598145285936,2026-10-01 15:21:51.515399,2026-10-01 15:21:53.582664,0 days 00:00:02.067265,0.08501816462697502,2,29,176,0.6518698071979698,"{""learning_rate"": 0.08501816462697502, ""max_depth"": 2, ""min_samples_leaf"": 29, ""n_estimators"": 176, ""subsample"": 0.6518698071979698}",COMPLETE
16,0.5494590417310665,2026-10-01 15:21:53.582783,2026-10-01 15:21:55.662973,0 days 00:00:02.080190,0.014641897436498883,2,45,167,0.5835829629624304,"{""learning_rate"": 0.014641897436498883, ""max_depth"": 2, ""min_samples_leaf"": 45, ""n_estimators"": 167, ""subsample"": 0.5835829629624304}",COMPLETE
17,0.554095826893354,2026-10-01 15:21:55.663098,2026-10-01 15:21:58.403986,0 days 00:00:02.740888,0.03136995068760339,3,37,201,0.5747395720470474,"{""learning_rate"": 0.03136995068760339, ""max_depth"": 3, ""min_samples_leaf"": 37, ""n_estimators"": 201, ""subsample"": 0.5747395720470474}",COMPLETE
18,0.5602782071097372,2026-10-01 15:21:58.404157,2026-10-01 15:22:02.405106,0 days 00:00:04.000949,0.014146769238327516,2,34,236,0.5117483069524101,"{""learning_rate"": 0.014146769238327516, ""max_depth"": 2, ""min_samples_leaf"": 34, ""n_estimators"": 236, ""subsample"": 0.5117483069524101}",COMPLETE
19,0.5641421947449767,2026-10-01 15:22:02.405235,2026-10-01 15:22:06.262998,0 days 00:00:03.857763,0.02732295100979792,2,31,234,0.6885182215296778,"{""learning_rate"": 0.02732295100979792, ""max_depth"": 2, ""min_samples_leaf"": 31, ""n_estimators"": 234, ""subsample"": 0.6885182215296778}",COMPLETE
